2023-03-31T10:54:45.474Z [INFO] Registration request received for jr [undefined]
2023-03-31T10:54:45.475Z [ERROR] Error in user registration: User is not defined [undefined]
2023-03-31T10:57:36.971Z [INFO] Registration request received for jr [undefined]
2023-03-31T10:57:37.097Z [INFO] New user jr registered [undefined]
2023-03-31T10:58:13.407Z [INFO] Login request received for jr [undefined]
2023-03-31T10:58:13.489Z [WARN] Invalid password for user jr [undefined]
2023-03-31T11:15:40.902Z [INFO] Login request received for jr [undefined]
2023-03-31T11:15:40.984Z [WARN] Invalid password for user jr [undefined]
2023-03-31T11:18:31.435Z [INFO] Login request received for jr [::ffff:10.4.25.11]
2023-03-31T11:18:31.518Z [WARN] Invalid password for user jr [undefined]
2023-03-31T11:29:33.455Z [INFO] Registration request received for utente [undefined]
2023-03-31T11:29:33.575Z [INFO] New user utente registered [undefined]
2023-03-31T11:35:12.913Z [INFO] Registration request received for asd [undefined]
2023-03-31T11:35:13.035Z [INFO] New user asd registered [undefined]
2023-03-31T11:54:56.333Z [INFO] Login request received for asd [undefined]
2023-03-31T11:54:56.408Z [INFO] User asd logged in successfully [undefined]
2023-03-31T11:57:43.961Z [INFO] Login request received for asd [undefined]
2023-03-31T11:57:44.034Z [INFO] User asd logged in successfully [undefined]
2023-03-31T11:59:41.178Z [INFO] Login request received for asd [undefined]
2023-03-31T11:59:41.251Z [INFO] User asd logged in successfully [undefined]
2023-03-31T12:02:02.514Z [INFO] Login request received for asd [undefined]
2023-03-31T12:02:02.587Z [INFO] User asd logged in successfully [undefined]
2023-03-31T12:02:57.082Z [INFO] Login request received for asd [undefined]
2023-03-31T12:02:57.153Z [INFO] User asd logged in successfully [undefined]
2023-03-31T12:03:49.277Z [INFO] Login request received for asd [undefined]
2023-03-31T12:03:49.348Z [INFO] User asd logged in successfully [undefined]
2023-03-31T12:04:24.592Z [INFO] Login request received for asd [undefined]
2023-03-31T12:04:24.666Z [INFO] User asd logged in successfully [undefined]
2023-03-31T12:05:52.752Z [INFO] Login request received for asd [undefined]
2023-03-31T12:05:52.830Z [INFO] User asd logged in successfully [undefined]
2023-03-31T12:06:34.893Z [INFO] Login request received for asd [undefined]
2023-03-31T12:06:34.967Z [INFO] User asd logged in successfully [undefined]
2023-03-31T12:06:50.878Z [INFO] Login request received for asd [undefined]
2023-03-31T12:06:50.954Z [INFO] User asd logged in successfully [undefined]
2023-03-31T12:07:41.014Z [INFO] Login request received for asd [undefined]
2023-03-31T12:07:41.086Z [INFO] User asd logged in successfully [undefined]
2023-03-31T12:09:29.868Z [INFO] Login request received for asd [undefined]
2023-03-31T12:09:29.951Z [INFO] User asd logged in successfully [undefined]
2023-03-31T12:10:09.307Z [INFO] Login request received for asd [undefined]
2023-03-31T12:10:09.380Z [INFO] User asd logged in successfully [undefined]
2023-03-31T12:12:32.281Z [INFO] Login request received for asd [undefined]
2023-03-31T12:12:32.366Z [INFO] User asd logged in successfully [undefined]
2023-03-31T12:15:53.359Z [INFO] Registration request received for ioio [undefined]
2023-03-31T12:15:53.444Z [ERROR] Error in user registration: User validation failed: weight: Path `weight` is required., height: Path `height` is required., birthday: Path `birthday` is required., last_name: Path `last_name` is required., first_name: Path `first_name` is required. [undefined]
2023-03-31T12:17:44.154Z [INFO] Registration request received for opop [undefined]
2023-03-31T12:17:44.230Z [ERROR] Error in user registration: User validation failed: weight: Path `weight` is required., height: Path `height` is required., birthday: Path `birthday` is required., last_name: Path `last_name` is required., first_name: Path `first_name` is required. [undefined]
2023-03-31T12:18:27.684Z [INFO] Registration request received for qwe [undefined]
2023-03-31T12:18:27.756Z [ERROR] Error in user registration: User validation failed: weight: Path `weight` is required., height: Path `height` is required., birthday: Path `birthday` is required., last_name: Path `last_name` is required., first_name: Path `first_name` is required. [undefined]
2023-03-31T12:22:45.894Z [INFO] Registration request received for asd1 [undefined]
2023-03-31T12:22:46.013Z [INFO] New user asd1 registered [undefined]
2023-03-31T12:25:55.372Z [INFO] Registration request received for janrezzwastaken [undefined]
2023-03-31T12:25:55.544Z [INFO] New user janrezzwastaken registered [undefined]
2023-03-31T12:31:54.977Z [INFO] Login request received for janrezzwastaken [undefined]
2023-03-31T12:31:55.057Z [INFO] User janrezzwastaken logged in successfully [undefined]
2023-03-31T13:37:19.150Z [INFO] Login request received for janrezzwastaken [undefined]
2023-03-31T13:37:19.232Z [INFO] User janrezzwastaken logged in successfully [undefined]
2023-04-09T20:45:31.442Z [INFO] Login request received for janrezzwastaken [undefined]
2023-04-09T20:45:31.528Z [INFO] User janrezzwastaken logged in successfully [undefined]
2023-04-09T20:46:55.548Z [INFO] Login request received for janrezzwastaken [undefined]
2023-04-09T20:46:55.619Z [INFO] User janrezzwastaken logged in successfully [undefined]
2023-04-09T20:49:50.799Z [INFO] Login request received for s [undefined]
2023-04-09T20:49:50.821Z [WARN] User s not found [undefined]
2023-04-09T20:52:13.670Z [INFO] Login request received for  [undefined]
2023-04-09T20:52:13.670Z [WARN] Missing fields in login request [undefined]
2023-04-09T20:52:15.384Z [INFO] Login request received for  [undefined]
2023-04-09T20:52:15.384Z [WARN] Missing fields in login request [undefined]
2023-04-09T20:52:28.620Z [INFO] Login request received for janrezzwastaken [undefined]
2023-04-09T20:52:28.691Z [INFO] User janrezzwastaken logged in successfully [undefined]
2023-04-21T07:19:14.923Z [INFO] Registration request received for root [undefined]
2023-04-21T07:19:15.107Z [INFO] New user root registered [undefined]
2023-04-21T08:19:33.498Z [INFO] Login request received for root [undefined]
2023-04-21T08:19:33.584Z [INFO] User root logged in successfully [undefined]
2023-04-21T08:22:02.634Z [INFO] Login request received for root [undefined]
2023-04-21T08:22:02.720Z [INFO] User root logged in successfully [undefined]
2023-04-21T08:22:26.908Z [INFO] Login request received for root [undefined]
2023-04-21T08:22:26.981Z [INFO] User root logged in successfully [undefined]
