2023-03-31T10:53:20.294Z [INFO] All session request received [undefined]
2023-03-31T10:53:20.354Z [INFO] Sent all sessions [undefined]
2023-03-31T10:53:28.425Z [INFO] Post session request received [undefined]
2023-03-31T10:53:28.895Z [INFO] Created session with id 6426bba8cdf87fd09b8f4689 [undefined]
2023-03-31T10:53:34.015Z [INFO] Get session request received for 641d64362e2109d2077c1ff1 [undefined]
2023-03-31T10:53:34.038Z [INFO] Sent session with user_id 641d64362e2109d2077c1ff1 [undefined]
2023-03-31T11:02:58.130Z [INFO] Get session request received for 641d64362e2109d2077c1ff1 [undefined]
2023-03-31T11:02:58.161Z [INFO] Sent session with user_id 641d64362e2109d2077c1ff1 [undefined]
2023-03-31T11:03:12.049Z [INFO] Get session request received for 641d64362e2109d2077c1ff1 [undefined]
2023-03-31T11:03:12.075Z [INFO] Sent session with user_id 641d64362e2109d2077c1ff1 [undefined]
2023-03-31T11:03:12.363Z [INFO] Get session request received for 641d64362e2109d2077c1ff1 [undefined]
2023-03-31T11:03:12.387Z [INFO] Sent session with user_id 641d64362e2109d2077c1ff1 [undefined]
2023-03-31T11:03:12.707Z [INFO] Get session request received for 641d64362e2109d2077c1ff1 [undefined]
2023-03-31T11:03:12.735Z [INFO] Sent session with user_id 641d64362e2109d2077c1ff1 [undefined]
2023-03-31T11:29:48.966Z [INFO] Get session request received for undefined [undefined]
2023-03-31T11:29:48.966Z [ERROR] Cast to ObjectId failed for value "undefined" (type string) at path "user_id" for model "Session" [undefined]
2023-03-31T11:36:04.838Z [INFO] Get session request received for undefined [undefined]
2023-03-31T11:36:04.839Z [ERROR] Cast to ObjectId failed for value "undefined" (type string) at path "user_id" for model "Session" [undefined]
2023-03-31T11:52:24.722Z [INFO] Get session request received for undefined [undefined]
2023-03-31T11:52:24.723Z [ERROR] Cast to ObjectId failed for value "undefined" (type string) at path "user_id" for model "Session" [undefined]
2023-03-31T12:27:56.360Z [INFO] Get session request received for 6426d15311f89e9372d1650f [undefined]
2023-03-31T12:27:56.382Z [INFO] Sent session with user_id 6426d15311f89e9372d1650f [undefined]
2023-03-31T13:06:22.573Z [INFO] Get session request received for 6426d15311f89e9372d1650f [undefined]
2023-03-31T13:06:22.595Z [INFO] Sent session with user_id 6426d15311f89e9372d1650f [undefined]
2023-03-31T13:40:09.807Z [INFO] Get session request received for 6426d15311f89e9372d1650f [undefined]
2023-03-31T13:40:09.829Z [INFO] Sent session with user_id 6426d15311f89e9372d1650f [undefined]
2023-03-31T13:42:12.350Z [INFO] Get session request received for 6426d15311f89e9372d1650f [undefined]
2023-03-31T13:42:12.369Z [INFO] Sent session with user_id 6426d15311f89e9372d1650f [undefined]
2023-03-31T14:01:24.260Z [INFO] Get session request received for 6426d15311f89e9372d1650f [undefined]
2023-03-31T14:01:24.281Z [INFO] Sent session with user_id 6426d15311f89e9372d1650f [undefined]
