2023-03-31T10:51:48.467Z [INFO] All users request received [undefined]
2023-03-31T10:51:48.497Z [INFO] Sent all users [undefined]
2023-03-31T10:53:03.582Z [INFO] Put user request received for 641d644ca2301dc86eb0a339 [undefined]
2023-03-31T10:53:03.608Z [INFO] Updated user 641d644ca2301dc86eb0a339 [undefined]
2023-03-31T10:53:12.925Z [INFO] Get user request received for 641d64362e2109d2077c1ff1 [undefined]
2023-03-31T10:53:12.949Z [INFO] Sent user 641d64362e2109d2077c1ff1 [undefined]
2023-03-31T11:29:36.477Z [INFO] Get user request received for undefined [undefined]
2023-03-31T11:29:36.479Z [ERROR] Cast to ObjectId failed for value "undefined" (type string) at path "_id" for model "User" [undefined]
2023-03-31T11:31:23.443Z [INFO] Get user request received for undefined [undefined]
2023-03-31T11:31:23.444Z [ERROR] Cast to ObjectId failed for value "undefined" (type string) at path "_id" for model "User" [undefined]
2023-03-31T11:35:15.924Z [INFO] Get user request received for undefined [undefined]
2023-03-31T11:35:15.925Z [ERROR] Cast to ObjectId failed for value "undefined" (type string) at path "_id" for model "User" [undefined]
2023-03-31T11:50:21.960Z [INFO] Get user request received for undefined [undefined]
2023-03-31T11:50:21.960Z [ERROR] Cast to ObjectId failed for value "undefined" (type string) at path "_id" for model "User" [undefined]
2023-03-31T11:52:24.721Z [INFO] Get user request received for undefined [undefined]
2023-03-31T11:52:24.721Z [ERROR] Cast to ObjectId failed for value "undefined" (type string) at path "_id" for model "User" [undefined]
2023-03-31T11:54:59.977Z [INFO] Get user request received for undefined [undefined]
2023-03-31T11:54:59.977Z [ERROR] Cast to ObjectId failed for value "undefined" (type string) at path "_id" for model "User" [undefined]
2023-03-31T11:57:46.402Z [INFO] Get user request received for undefined [undefined]
2023-03-31T11:57:46.402Z [ERROR] Cast to ObjectId failed for value "undefined" (type string) at path "_id" for model "User" [undefined]
2023-03-31T11:59:42.806Z [INFO] Get user request received for null [undefined]
2023-03-31T11:59:42.806Z [ERROR] Cast to ObjectId failed for value "null" (type string) at path "_id" for model "User" [undefined]
2023-03-31T12:03:51.238Z [INFO] Get user request received for null [undefined]
2023-03-31T12:03:51.238Z [ERROR] Cast to ObjectId failed for value "null" (type string) at path "_id" for model "User" [undefined]
2023-03-31T12:04:25.895Z [INFO] Get user request received for null [undefined]
2023-03-31T12:04:25.896Z [ERROR] Cast to ObjectId failed for value "null" (type string) at path "_id" for model "User" [undefined]
2023-03-31T12:05:23.803Z [INFO] Get user request received for null [undefined]
2023-03-31T12:05:23.804Z [ERROR] Cast to ObjectId failed for value "null" (type string) at path "_id" for model "User" [undefined]
2023-03-31T12:05:42.869Z [INFO] Get user request received for null [undefined]
2023-03-31T12:05:42.870Z [ERROR] Cast to ObjectId failed for value "null" (type string) at path "_id" for model "User" [undefined]
2023-03-31T12:05:54.632Z [INFO] Get user request received for null [undefined]
2023-03-31T12:05:54.632Z [ERROR] Cast to ObjectId failed for value "null" (type string) at path "_id" for model "User" [undefined]
2023-03-31T12:06:08.702Z [INFO] Get user request received for null [undefined]
2023-03-31T12:06:08.703Z [ERROR] Cast to ObjectId failed for value "null" (type string) at path "_id" for model "User" [undefined]
2023-03-31T12:06:13.330Z [INFO] Get user request received for null [undefined]
2023-03-31T12:06:13.330Z [ERROR] Cast to ObjectId failed for value "null" (type string) at path "_id" for model "User" [undefined]
2023-03-31T12:06:54.488Z [INFO] Get user request received for null [undefined]
2023-03-31T12:06:54.488Z [ERROR] Cast to ObjectId failed for value "null" (type string) at path "_id" for model "User" [undefined]
2023-03-31T12:07:23.962Z [INFO] Get user request received for null [undefined]
2023-03-31T12:07:23.962Z [ERROR] Cast to ObjectId failed for value "null" (type string) at path "_id" for model "User" [undefined]
2023-03-31T12:09:32.908Z [INFO] Get user request received for 6426c5715c0026dc2ce6790f [undefined]
2023-03-31T12:09:32.930Z [INFO] Sent user 6426c5715c0026dc2ce6790f [undefined]
2023-03-31T12:09:54.249Z [INFO] Get user request received for 6426c5715c0026dc2ce6790f [undefined]
2023-03-31T12:09:54.269Z [INFO] Sent user 6426c5715c0026dc2ce6790f [undefined]
2023-03-31T12:10:01.156Z [INFO] Get user request received for 6426c5715c0026dc2ce6790f [undefined]
2023-03-31T12:10:01.176Z [INFO] Sent user 6426c5715c0026dc2ce6790f [undefined]
2023-03-31T12:10:10.744Z [INFO] Get user request received for 6426c5715c0026dc2ce6790f [undefined]
2023-03-31T12:10:10.765Z [INFO] Sent user 6426c5715c0026dc2ce6790f [undefined]
2023-03-31T12:10:17.453Z [INFO] Get user request received for 6426c5715c0026dc2ce6790f [undefined]
2023-03-31T12:10:17.474Z [INFO] Sent user 6426c5715c0026dc2ce6790f [undefined]
2023-03-31T12:10:58.380Z [INFO] Get user request received for 6426c5715c0026dc2ce6790f [undefined]
2023-03-31T12:10:58.401Z [INFO] Sent user 6426c5715c0026dc2ce6790f [undefined]
2023-03-31T12:11:36.593Z [INFO] Get user request received for 6426c5715c0026dc2ce6790f [undefined]
2023-03-31T12:11:36.615Z [INFO] Sent user 6426c5715c0026dc2ce6790f [undefined]
2023-03-31T12:12:34.715Z [INFO] Get user request received for 6426c5715c0026dc2ce6790f [undefined]
2023-03-31T12:12:34.740Z [INFO] Sent user 6426c5715c0026dc2ce6790f [undefined]
2023-03-31T12:15:56.756Z [INFO] Get user request received for null [undefined]
2023-03-31T12:15:56.758Z [ERROR] Cast to ObjectId failed for value "null" (type string) at path "_id" for model "User" [undefined]
2023-03-31T12:22:48.623Z [INFO] Get user request received for 6426d09511f89e9372d1650b [undefined]
2023-03-31T12:22:48.651Z [INFO] Sent user 6426d09511f89e9372d1650b [undefined]
2023-03-31T12:26:04.215Z [INFO] Get user request received for 6426d15311f89e9372d1650f [undefined]
2023-03-31T12:26:04.237Z [INFO] Sent user 6426d15311f89e9372d1650f [undefined]
2023-03-31T12:31:56.791Z [INFO] Get user request received for 6426d15311f89e9372d1650f [undefined]
2023-03-31T12:31:56.817Z [INFO] Sent user 6426d15311f89e9372d1650f [undefined]
2023-03-31T12:32:46.897Z [INFO] Get user request received for 6426d15311f89e9372d1650f [undefined]
2023-03-31T12:32:46.922Z [INFO] Sent user 6426d15311f89e9372d1650f [undefined]
2023-03-31T12:34:18.896Z [INFO] Get user request received for 6426d15311f89e9372d1650f [undefined]
2023-03-31T12:34:18.924Z [INFO] Sent user 6426d15311f89e9372d1650f [undefined]
2023-03-31T12:34:30.094Z [INFO] Get user request received for 6426d15311f89e9372d1650f [undefined]
2023-03-31T12:34:30.116Z [INFO] Sent user 6426d15311f89e9372d1650f [undefined]
2023-03-31T12:35:20.936Z [INFO] Get user request received for 6426d15311f89e9372d1650f [undefined]
2023-03-31T12:35:20.957Z [INFO] Sent user 6426d15311f89e9372d1650f [undefined]
2023-03-31T12:42:21.133Z [INFO] Get user request received for 6426d15311f89e9372d1650f [undefined]
2023-03-31T12:42:21.155Z [INFO] Sent user 6426d15311f89e9372d1650f [undefined]
2023-03-31T12:43:15.760Z [INFO] Get user request received for 6426d15311f89e9372d1650f [undefined]
2023-03-31T12:43:15.782Z [INFO] Sent user 6426d15311f89e9372d1650f [undefined]
2023-03-31T12:43:31.307Z [INFO] Get user request received for 6426d15311f89e9372d1650f [undefined]
2023-03-31T12:43:31.329Z [INFO] Sent user 6426d15311f89e9372d1650f [undefined]
2023-03-31T12:43:32.797Z [INFO] Get user request received for 6426d15311f89e9372d1650f [undefined]
2023-03-31T12:43:32.819Z [INFO] Sent user 6426d15311f89e9372d1650f [undefined]
2023-03-31T12:44:06.159Z [INFO] Get user request received for 6426d15311f89e9372d1650f [undefined]
2023-03-31T12:44:06.180Z [INFO] Sent user 6426d15311f89e9372d1650f [undefined]
2023-03-31T12:45:08.031Z [INFO] Get user request received for 6426d15311f89e9372d1650f [undefined]
2023-03-31T12:45:08.052Z [INFO] Sent user 6426d15311f89e9372d1650f [undefined]
2023-03-31T12:45:28.874Z [INFO] Get user request received for 6426d15311f89e9372d1650f [undefined]
2023-03-31T12:45:28.898Z [INFO] Sent user 6426d15311f89e9372d1650f [undefined]
2023-03-31T12:46:35.318Z [INFO] Get user request received for 6426d15311f89e9372d1650f [undefined]
2023-03-31T12:46:35.340Z [INFO] Sent user 6426d15311f89e9372d1650f [undefined]
2023-03-31T12:47:05.614Z [INFO] Get user request received for 6426d15311f89e9372d1650f [undefined]
2023-03-31T12:47:05.635Z [INFO] Sent user 6426d15311f89e9372d1650f [undefined]
2023-03-31T12:47:25.980Z [INFO] Get user request received for 6426d15311f89e9372d1650f [undefined]
2023-03-31T12:47:26.002Z [INFO] Sent user 6426d15311f89e9372d1650f [undefined]
2023-03-31T12:47:37.230Z [INFO] Get user request received for 6426d15311f89e9372d1650f [undefined]
2023-03-31T12:47:37.251Z [INFO] Sent user 6426d15311f89e9372d1650f [undefined]
2023-03-31T12:47:43.377Z [INFO] Get user request received for 6426d15311f89e9372d1650f [undefined]
2023-03-31T12:47:43.403Z [INFO] Sent user 6426d15311f89e9372d1650f [undefined]
2023-03-31T12:47:48.308Z [INFO] Get user request received for 6426d15311f89e9372d1650f [undefined]
2023-03-31T12:47:48.331Z [INFO] Sent user 6426d15311f89e9372d1650f [undefined]
2023-03-31T12:47:55.556Z [INFO] Get user request received for 6426d15311f89e9372d1650f [undefined]
2023-03-31T12:47:55.577Z [INFO] Sent user 6426d15311f89e9372d1650f [undefined]
2023-03-31T12:47:57.990Z [INFO] Get user request received for 6426d15311f89e9372d1650f [undefined]
2023-03-31T12:47:58.013Z [INFO] Sent user 6426d15311f89e9372d1650f [undefined]
2023-03-31T12:48:00.242Z [INFO] Get user request received for 6426d15311f89e9372d1650f [undefined]
2023-03-31T12:48:00.264Z [INFO] Sent user 6426d15311f89e9372d1650f [undefined]
2023-03-31T12:48:15.439Z [INFO] Get user request received for 6426d15311f89e9372d1650f [undefined]
2023-03-31T12:48:15.460Z [INFO] Sent user 6426d15311f89e9372d1650f [undefined]
2023-03-31T12:48:19.772Z [INFO] Get user request received for 6426d15311f89e9372d1650f [undefined]
2023-03-31T12:48:19.794Z [INFO] Sent user 6426d15311f89e9372d1650f [undefined]
2023-03-31T13:01:16.037Z [INFO] Get user request received for 6426d15311f89e9372d1650f [undefined]
2023-03-31T13:01:16.059Z [INFO] Sent user 6426d15311f89e9372d1650f [undefined]
2023-03-31T13:01:20.954Z [INFO] Get user request received for 6426d15311f89e9372d1650f [undefined]
2023-03-31T13:01:20.975Z [INFO] Sent user 6426d15311f89e9372d1650f [undefined]
2023-03-31T13:01:25.564Z [INFO] Get user request received for 6426d15311f89e9372d1650f [undefined]
2023-03-31T13:01:25.585Z [INFO] Sent user 6426d15311f89e9372d1650f [undefined]
2023-03-31T13:01:30.055Z [INFO] Get user request received for 6426d15311f89e9372d1650f [undefined]
2023-03-31T13:01:30.077Z [INFO] Sent user 6426d15311f89e9372d1650f [undefined]
2023-03-31T13:01:32.932Z [INFO] Get user request received for 6426d15311f89e9372d1650f [undefined]
2023-03-31T13:01:32.954Z [INFO] Sent user 6426d15311f89e9372d1650f [undefined]
2023-03-31T13:01:35.133Z [INFO] Get user request received for 6426d15311f89e9372d1650f [undefined]
2023-03-31T13:01:35.155Z [INFO] Sent user 6426d15311f89e9372d1650f [undefined]
2023-03-31T13:01:37.297Z [INFO] Get user request received for 6426d15311f89e9372d1650f [undefined]
2023-03-31T13:01:37.320Z [INFO] Sent user 6426d15311f89e9372d1650f [undefined]
2023-03-31T13:02:17.016Z [INFO] Get user request received for 6426d15311f89e9372d1650f [undefined]
2023-03-31T13:02:17.037Z [INFO] Sent user 6426d15311f89e9372d1650f [undefined]
2023-03-31T13:02:37.560Z [INFO] Get user request received for 6426d15311f89e9372d1650f [undefined]
2023-03-31T13:02:37.581Z [INFO] Sent user 6426d15311f89e9372d1650f [undefined]
2023-03-31T13:02:55.817Z [INFO] Get user request received for 6426d15311f89e9372d1650f [undefined]
2023-03-31T13:02:55.839Z [INFO] Sent user 6426d15311f89e9372d1650f [undefined]
2023-03-31T13:03:01.457Z [INFO] Get user request received for 6426d15311f89e9372d1650f [undefined]
2023-03-31T13:03:01.481Z [INFO] Sent user 6426d15311f89e9372d1650f [undefined]
2023-03-31T13:03:11.771Z [INFO] Get user request received for 6426d15311f89e9372d1650f [undefined]
2023-03-31T13:03:11.793Z [INFO] Sent user 6426d15311f89e9372d1650f [undefined]
2023-03-31T13:03:20.533Z [INFO] Get user request received for 6426d15311f89e9372d1650f [undefined]
2023-03-31T13:03:20.555Z [INFO] Sent user 6426d15311f89e9372d1650f [undefined]
2023-03-31T13:03:27.848Z [INFO] Get user request received for 6426d15311f89e9372d1650f [undefined]
2023-03-31T13:03:27.870Z [INFO] Sent user 6426d15311f89e9372d1650f [undefined]
2023-03-31T13:03:34.987Z [INFO] Get user request received for 6426d15311f89e9372d1650f [undefined]
2023-03-31T13:03:35.007Z [INFO] Sent user 6426d15311f89e9372d1650f [undefined]
2023-03-31T13:03:39.686Z [INFO] Get user request received for 6426d15311f89e9372d1650f [undefined]
2023-03-31T13:03:39.707Z [INFO] Sent user 6426d15311f89e9372d1650f [undefined]
2023-03-31T13:03:41.618Z [INFO] Get user request received for 6426d15311f89e9372d1650f [undefined]
2023-03-31T13:03:41.640Z [INFO] Sent user 6426d15311f89e9372d1650f [undefined]
2023-03-31T13:03:45.499Z [INFO] Get user request received for 6426d15311f89e9372d1650f [undefined]
2023-03-31T13:03:45.519Z [INFO] Sent user 6426d15311f89e9372d1650f [undefined]
2023-03-31T13:03:57.870Z [INFO] Get user request received for 6426d15311f89e9372d1650f [undefined]
2023-03-31T13:03:57.893Z [INFO] Sent user 6426d15311f89e9372d1650f [undefined]
2023-03-31T13:04:04.995Z [INFO] Get user request received for 6426d15311f89e9372d1650f [undefined]
2023-03-31T13:04:05.020Z [INFO] Sent user 6426d15311f89e9372d1650f [undefined]
2023-03-31T13:04:08.381Z [INFO] Get user request received for 6426d15311f89e9372d1650f [undefined]
2023-03-31T13:04:08.405Z [INFO] Sent user 6426d15311f89e9372d1650f [undefined]
2023-03-31T13:04:11.313Z [INFO] Get user request received for 6426d15311f89e9372d1650f [undefined]
2023-03-31T13:04:11.334Z [INFO] Sent user 6426d15311f89e9372d1650f [undefined]
2023-03-31T13:04:47.590Z [INFO] Get user request received for 6426d15311f89e9372d1650f [undefined]
2023-03-31T13:04:47.611Z [INFO] Sent user 6426d15311f89e9372d1650f [undefined]
2023-03-31T13:05:30.048Z [INFO] Get user request received for 6426d15311f89e9372d1650f [undefined]
2023-03-31T13:05:30.069Z [INFO] Sent user 6426d15311f89e9372d1650f [undefined]
2023-03-31T13:06:58.450Z [INFO] Get user request received for 6426d15311f89e9372d1650f [undefined]
2023-03-31T13:06:58.471Z [INFO] Sent user 6426d15311f89e9372d1650f [undefined]
2023-03-31T13:07:45.393Z [INFO] Get user request received for 6426d15311f89e9372d1650f [undefined]
2023-03-31T13:07:45.415Z [INFO] Sent user 6426d15311f89e9372d1650f [undefined]
2023-03-31T13:08:01.521Z [INFO] Get user request received for 6426d15311f89e9372d1650f [undefined]
2023-03-31T13:08:01.543Z [INFO] Sent user 6426d15311f89e9372d1650f [undefined]
2023-03-31T13:08:14.184Z [INFO] Get user request received for 6426d15311f89e9372d1650f [undefined]
2023-03-31T13:08:14.206Z [INFO] Sent user 6426d15311f89e9372d1650f [undefined]
2023-03-31T13:08:20.668Z [INFO] Get user request received for 6426d15311f89e9372d1650f [undefined]
2023-03-31T13:08:20.690Z [INFO] Sent user 6426d15311f89e9372d1650f [undefined]
2023-03-31T13:08:30.874Z [INFO] Get user request received for 6426d15311f89e9372d1650f [undefined]
2023-03-31T13:08:30.894Z [INFO] Sent user 6426d15311f89e9372d1650f [undefined]
2023-03-31T13:08:36.076Z [INFO] Get user request received for 6426d15311f89e9372d1650f [undefined]
2023-03-31T13:08:36.106Z [INFO] Sent user 6426d15311f89e9372d1650f [undefined]
2023-03-31T13:08:59.687Z [INFO] Get user request received for 6426d15311f89e9372d1650f [undefined]
2023-03-31T13:08:59.707Z [INFO] Sent user 6426d15311f89e9372d1650f [undefined]
2023-03-31T13:10:45.876Z [INFO] Get user request received for 6426d15311f89e9372d1650f [undefined]
2023-03-31T13:10:45.897Z [INFO] Sent user 6426d15311f89e9372d1650f [undefined]
2023-03-31T13:10:57.304Z [INFO] Get user request received for 6426d15311f89e9372d1650f [undefined]
2023-03-31T13:10:57.326Z [INFO] Sent user 6426d15311f89e9372d1650f [undefined]
2023-03-31T13:12:10.052Z [INFO] Get user request received for 6426d15311f89e9372d1650f [undefined]
2023-03-31T13:12:10.083Z [INFO] Sent user 6426d15311f89e9372d1650f [undefined]
2023-03-31T13:12:25.258Z [INFO] Get user request received for 6426d15311f89e9372d1650f [undefined]
2023-03-31T13:12:25.282Z [INFO] Sent user 6426d15311f89e9372d1650f [undefined]
2023-03-31T13:12:29.601Z [INFO] Get user request received for 6426d15311f89e9372d1650f [undefined]
2023-03-31T13:12:29.623Z [INFO] Sent user 6426d15311f89e9372d1650f [undefined]
2023-03-31T13:12:36.828Z [INFO] Get user request received for 6426d15311f89e9372d1650f [undefined]
2023-03-31T13:12:36.849Z [INFO] Sent user 6426d15311f89e9372d1650f [undefined]
2023-03-31T13:12:48.698Z [INFO] Get user request received for 6426d15311f89e9372d1650f [undefined]
2023-03-31T13:12:48.720Z [INFO] Sent user 6426d15311f89e9372d1650f [undefined]
2023-03-31T13:37:21.032Z [INFO] Get user request received for 6426d15311f89e9372d1650f [undefined]
2023-03-31T13:37:21.056Z [INFO] Sent user 6426d15311f89e9372d1650f [undefined]
2023-03-31T13:40:08.480Z [INFO] Get user request received for 6426d15311f89e9372d1650f [undefined]
2023-03-31T13:40:08.507Z [INFO] Sent user 6426d15311f89e9372d1650f [undefined]
2023-03-31T13:42:07.092Z [INFO] Get user request received for 6426d15311f89e9372d1650f [undefined]
2023-03-31T13:42:07.113Z [INFO] Sent user 6426d15311f89e9372d1650f [undefined]
2023-03-31T13:58:42.336Z [INFO] Get user request received for 6426d15311f89e9372d1650f [undefined]
2023-03-31T13:58:42.361Z [INFO] Sent user 6426d15311f89e9372d1650f [undefined]
2023-03-31T13:59:36.770Z [INFO] Get user request received for 6426d15311f89e9372d1650f [undefined]
2023-03-31T13:59:36.802Z [INFO] Sent user 6426d15311f89e9372d1650f [undefined]
2023-03-31T13:59:59.978Z [INFO] Get user request received for 6426d15311f89e9372d1650f [undefined]
2023-03-31T14:00:00.002Z [INFO] Sent user 6426d15311f89e9372d1650f [undefined]
2023-03-31T14:00:26.913Z [INFO] Get user request received for 6426d15311f89e9372d1650f [undefined]
2023-03-31T14:00:26.934Z [INFO] Sent user 6426d15311f89e9372d1650f [undefined]
2023-03-31T14:01:26.697Z [INFO] Get user request received for 6426d15311f89e9372d1650f [undefined]
2023-03-31T14:01:26.718Z [INFO] Sent user 6426d15311f89e9372d1650f [undefined]
2023-03-31T14:21:11.248Z [INFO] Get user request received for 6426d15311f89e9372d1650f [undefined]
2023-03-31T14:21:11.280Z [INFO] Sent user 6426d15311f89e9372d1650f [undefined]
2023-03-31T14:21:45.407Z [INFO] Get user request received for 6426d15311f89e9372d1650f [undefined]
2023-03-31T14:21:45.429Z [INFO] Sent user 6426d15311f89e9372d1650f [undefined]
2023-04-23T09:13:02.900Z [INFO] Get user request received for 644238f38dfdeb8e01bf9bf5 [undefined]
2023-04-23T09:13:02.924Z [INFO] Sent user 644238f38dfdeb8e01bf9bf5 [undefined]
2023-04-23T10:02:14.482Z [INFO] Get user request received for 644502243ce6cb76adaf0942 [undefined]
2023-04-23T10:02:14.503Z [INFO] Sent user 644502243ce6cb76adaf0942 [undefined]
2023-04-23T10:02:37.665Z [INFO] Get user request received for 644502243ce6cb76adaf0942 [undefined]
2023-04-23T10:02:37.686Z [INFO] Sent user 644502243ce6cb76adaf0942 [undefined]
2023-04-23T10:03:17.831Z [INFO] Get user request received for 644502243ce6cb76adaf0942 [undefined]
2023-04-23T10:03:17.852Z [INFO] Sent user 644502243ce6cb76adaf0942 [undefined]
2023-04-23T10:29:46.384Z [INFO] Get user request received for 644502243ce6cb76adaf0942 [undefined]
2023-04-23T10:29:46.405Z [INFO] Sent user 644502243ce6cb76adaf0942 [undefined]
2023-04-23T10:33:45.502Z [INFO] Get user request received for 644238f38dfdeb8e01bf9bf5 [undefined]
2023-04-23T10:33:45.523Z [INFO] Sent user 644238f38dfdeb8e01bf9bf5 [undefined]
2023-04-23T10:34:04.221Z [INFO] Get user request received for 644238f38dfdeb8e01bf9bf5 [undefined]
2023-04-23T10:34:04.256Z [INFO] Sent user 644238f38dfdeb8e01bf9bf5 [undefined]
2023-04-23T10:34:33.773Z [INFO] Get user request received for 644238f38dfdeb8e01bf9bf5 [undefined]
2023-04-23T10:34:33.794Z [INFO] Sent user 644238f38dfdeb8e01bf9bf5 [undefined]
2023-04-23T10:34:55.105Z [INFO] Get user request received for 644238f38dfdeb8e01bf9bf5 [undefined]
2023-04-23T10:34:55.126Z [INFO] Sent user 644238f38dfdeb8e01bf9bf5 [undefined]
2023-04-23T10:35:50.044Z [INFO] Get user request received for 644238f38dfdeb8e01bf9bf5 [undefined]
2023-04-23T10:35:50.066Z [INFO] Sent user 644238f38dfdeb8e01bf9bf5 [undefined]
2023-04-23T10:36:06.606Z [INFO] Get user request received for 644238f38dfdeb8e01bf9bf5 [undefined]
2023-04-23T10:36:06.631Z [INFO] Sent user 644238f38dfdeb8e01bf9bf5 [undefined]
2023-04-23T10:36:16.727Z [INFO] Get user request received for 644238f38dfdeb8e01bf9bf5 [undefined]
2023-04-23T10:36:16.747Z [INFO] Sent user 644238f38dfdeb8e01bf9bf5 [undefined]
2023-04-23T10:36:38.438Z [INFO] Get user request received for 644238f38dfdeb8e01bf9bf5 [undefined]
2023-04-23T10:36:38.459Z [INFO] Sent user 644238f38dfdeb8e01bf9bf5 [undefined]
2023-04-23T10:36:52.397Z [INFO] Get user request received for 644238f38dfdeb8e01bf9bf5 [undefined]
2023-04-23T10:36:52.424Z [INFO] Sent user 644238f38dfdeb8e01bf9bf5 [undefined]
2023-04-23T10:37:22.249Z [INFO] Get user request received for 644238f38dfdeb8e01bf9bf5 [undefined]
2023-04-23T10:37:22.284Z [INFO] Sent user 644238f38dfdeb8e01bf9bf5 [undefined]
2023-04-23T10:37:26.541Z [INFO] Get user request received for 644238f38dfdeb8e01bf9bf5 [undefined]
2023-04-23T10:37:26.564Z [INFO] Sent user 644238f38dfdeb8e01bf9bf5 [undefined]
2023-04-23T10:37:32.088Z [INFO] Get user request received for 644238f38dfdeb8e01bf9bf5 [undefined]
2023-04-23T10:37:32.110Z [INFO] Sent user 644238f38dfdeb8e01bf9bf5 [undefined]
2023-04-23T10:37:38.726Z [INFO] Get user request received for 644238f38dfdeb8e01bf9bf5 [undefined]
2023-04-23T10:37:38.747Z [INFO] Sent user 644238f38dfdeb8e01bf9bf5 [undefined]
2023-04-23T10:38:22.981Z [INFO] Get user request received for 644238f38dfdeb8e01bf9bf5 [undefined]
2023-04-23T10:38:23.002Z [INFO] Sent user 644238f38dfdeb8e01bf9bf5 [undefined]
2023-04-23T10:38:43.717Z [INFO] Get user request received for 644238f38dfdeb8e01bf9bf5 [undefined]
2023-04-23T10:38:43.737Z [INFO] Sent user 644238f38dfdeb8e01bf9bf5 [undefined]
2023-04-23T10:39:14.391Z [INFO] Get user request received for 644238f38dfdeb8e01bf9bf5 [undefined]
2023-04-23T10:39:14.411Z [INFO] Sent user 644238f38dfdeb8e01bf9bf5 [undefined]
2023-04-23T10:40:33.282Z [INFO] Get user request received for 644238f38dfdeb8e01bf9bf5 [undefined]
2023-04-23T10:40:33.303Z [INFO] Sent user 644238f38dfdeb8e01bf9bf5 [undefined]
2023-04-23T10:40:37.170Z [INFO] Get user request received for 644238f38dfdeb8e01bf9bf5 [undefined]
2023-04-23T10:40:37.190Z [INFO] Sent user 644238f38dfdeb8e01bf9bf5 [undefined]
2023-04-23T10:40:58.707Z [INFO] Get user request received for 644238f38dfdeb8e01bf9bf5 [undefined]
2023-04-23T10:40:58.727Z [INFO] Sent user 644238f38dfdeb8e01bf9bf5 [undefined]
2023-04-23T10:41:20.687Z [INFO] Get user request received for 644238f38dfdeb8e01bf9bf5 [undefined]
2023-04-23T10:41:20.708Z [INFO] Sent user 644238f38dfdeb8e01bf9bf5 [undefined]
2023-04-23T15:47:01.565Z [INFO] Get user request received for 644238f38dfdeb8e01bf9bf5 [undefined]
2023-04-23T15:47:01.593Z [INFO] Sent user 644238f38dfdeb8e01bf9bf5 [undefined]
2023-04-23T16:12:42.945Z [INFO] Get user request received for 644238f38dfdeb8e01bf9bf5 [undefined]
2023-04-23T16:12:42.967Z [INFO] Sent user 644238f38dfdeb8e01bf9bf5 [undefined]
